词法分析的结果为：
  7      int  i
300       a1  ID
  7      int  i
300       a2  ID
  7      int  i
300       a3  ID
  7      int  i
300        p  ID
102        (  (
  7      int  i
300        x  ID
103        )  )
106        {  {
  3   return  return
200        1  INT
107        }  }
300       a1  ID
 56        =  =
200        1  INT
 50        +  +
200        2  INT
101        ;  ;
300       a2  ID
 56        =  =
300       a1  ID
 50        +  +
200        4  INT
101        ;  ;
300       a3  ID
 56        =  =
200        5  INT
 52        *  *
200        2  INT
101        ;  ;
  0       if  if
102        (  (
300       a3  ID
 54        <  <
300       a2  ID
103        )  )
106        {  {
  0       if  if
102        (  (
300       a2  ID
 54        <  <
300       a1  ID
103        )  )
106        {  {
300       a3  ID
 56        =  =
200      100  INT
107        }  }
  1     else  else
300       a1  ID
 56        =  =
300       a2  ID
107        }  }
  1     else  else
300       a1  ID
 56        =  =
300        p  ID
102        (  (
300       a2  ID
 50        +  +
200        3  INT
103        )  )